<?xml version="1.0" encoding="UTF-8"?>
<testsuite name="TerneanOpsTest" tests="1" skipped="0" failures="0" errors="0" timestamp="2021-10-11T20:08:38" hostname="DUKE" time="0.012">
  <properties/>
  <testcase name="or3()" classname="TerneanOpsTest" time="0.012"/>
  <system-out><![CDATA[]]></system-out>
  <system-err><![CDATA[]]></system-err>
</testsuite>
