<?xml version="1.0" encoding="UTF-8"?>
<testsuite name="TerneanOpsTest" tests="7" skipped="0" failures="0" errors="0" timestamp="2021-10-13T04:28:01" hostname="DUKE" time="0.003">
  <properties/>
  <testcase name="or3()" classname="TerneanOpsTest" time="0.0"/>
  <testcase name="and3()" classname="TerneanOpsTest" time="0.001"/>
  <testcase name="equ3()" classname="TerneanOpsTest" time="0.0"/>
  <testcase name="neg3()" classname="TerneanOpsTest" time="0.001"/>
  <testcase name="xor3()" classname="TerneanOpsTest" time="0.0"/>
  <testcase name="lImp3()" classname="TerneanOpsTest" time="0.001"/>
  <testcase name="rImp3()" classname="TerneanOpsTest" time="0.0"/>
  <system-out><![CDATA[]]></system-out>
  <system-err><![CDATA[]]></system-err>
</testsuite>
