<?xml version="1.0" encoding="UTF-8"?>
<testsuite name="TerneanTest" tests="24" skipped="0" failures="0" errors="0" timestamp="2021-10-13T04:28:01" hostname="DUKE" time="0.019">
  <properties/>
  <testcase name="setAnd()" classname="TerneanTest" time="0.001"/>
  <testcase name="setEqu()" classname="TerneanTest" time="0.0"/>
  <testcase name="setNeg()" classname="TerneanTest" time="0.0"/>
  <testcase name="setXor()" classname="TerneanTest" time="0.001"/>
  <testcase name="setOr()" classname="TerneanTest" time="0.0"/>
  <testcase name="createAnd()" classname="TerneanTest" time="0.0"/>
  <testcase name="createEqu()" classname="TerneanTest" time="0.001"/>
  <testcase name="createNeg()" classname="TerneanTest" time="0.001"/>
  <testcase name="createXor()" classname="TerneanTest" time="0.001"/>
  <testcase name="testEquals()" classname="TerneanTest" time="0.001"/>
  <testcase name="testSetValue1()" classname="TerneanTest" time="0.0"/>
  <testcase name="testSetValue2()" classname="TerneanTest" time="0.001"/>
  <testcase name="testSetValue3()" classname="TerneanTest" time="0.0"/>
  <testcase name="testSetValue4()" classname="TerneanTest" time="0.001"/>
  <testcase name="testSetValue5()" classname="TerneanTest" time="0.0"/>
  <testcase name="testSetValue6()" classname="TerneanTest" time="0.0"/>
  <testcase name="testSetValue7()" classname="TerneanTest" time="0.0"/>
  <testcase name="createLImp()" classname="TerneanTest" time="0.0"/>
  <testcase name="createRImp()" classname="TerneanTest" time="0.0"/>
  <testcase name="setValue()" classname="TerneanTest" time="0.0"/>
  <testcase name="createOr()" classname="TerneanTest" time="0.0"/>
  <testcase name="setLImp()" classname="TerneanTest" time="0.001"/>
  <testcase name="setRImp()" classname="TerneanTest" time="0.0"/>
  <testcase name="testSetValue()" classname="TerneanTest" time="0.0"/>
  <system-out><![CDATA[]]></system-out>
  <system-err><![CDATA[]]></system-err>
</testsuite>
